2025-09-25 09:57:30 🔄 拉取 Git 更新...
2025-09-25 09:57:33 ✅ 已是最新版本
2025-09-25 09:57:33 🚀 启动 Hugo 服务器...
2025-09-25 09:57:33 ✅ Hugo 服务器已启动 (PID: 38892)
2025-09-25 09:57:33 🌐 本地访问: http://localhost:1313
2025-09-25 09:57:33 🌐 局域网访问: http://:1313
2025-09-25 09:57:33 ⏰ 设置定时任务 (每5小时检查更新)...
2025-09-25 09:57:33 ✅ 定时任务已设置
2025-09-25 09:57:33 🎉 部署完成!
2025-09-25 09:57:33 🌐 本地访问: http://localhost:1313
2025-09-25 09:57:33 🌐 局域网访问: http://:1313
2025-09-25 09:57:33 📝 日志: /Users/jobmark/Documents/my-hugo-blog/deploy.log
2025-09-25 09:59:05 ⏹️  Hugo 服务器已停止
2025-09-25 09:59:05 🗑️  移除定时任务...
2025-09-25 09:59:05 ✅ 定时任务已移除
2025-09-25 09:59:57 🔄 拉取 Git 更新...
2025-09-25 10:00:00 ✅ 已是最新版本
2025-09-25 10:00:00 🚀 启动 Hugo 服务器...
2025-09-25 10:00:00 ✅ Hugo 服务器已启动 (PID: 39050)
2025-09-25 10:00:00 🌐 本地访问: http://localhost:1313
2025-09-25 10:00:00 🌐 局域网访问: http://198.18.0.1:1313
2025-09-25 10:00:00 ⏰ 设置定时任务 (每5小时检查更新)...
2025-09-25 10:00:00 ✅ 定时任务已设置
2025-09-25 10:00:00 🎉 部署完成!
2025-09-25 10:00:00 🌐 本地访问: http://localhost:1313
2025-09-25 10:00:00 🌐 局域网访问: http://:1313
2025-09-25 10:00:00 📝 日志: /Users/jobmark/Documents/my-hugo-blog/deploy.log
2025-09-25 10:09:07 ⚠️  Hugo 服务器已在运行
2025-09-25 10:09:19 🔄 拉取 Git 更新...
2025-09-25 10:09:22 📥 发现更新，正在拉取...
2025-09-25 10:09:25 ✅ Git 更新完成
2025-09-25 10:09:25 🔄 重启服务器以应用更新...
2025-09-25 10:09:25 ⏹️  Hugo 服务器已停止
2025-09-25 10:09:27 🚀 启动 Hugo 服务器...
2025-09-25 10:09:27 ✅ Hugo 服务器已启动 (PID: 39348)
2025-09-25 10:09:27 🌐 本地访问: http://localhost:1313
2025-09-25 10:09:27 🌐 局域网访问: http://198.18.0.1:1313
2025-09-25 15:46:02 🔄 拉取 Git 更新...
2025-09-25 15:46:05 📥 发现更新，正在拉取...
2025-09-25 15:46:08 ✅ Git 更新完成
2025-09-25 15:46:08 🔄 重启服务器以应用更新...
2025-09-25 15:46:08 ⏹️  Hugo 服务器已停止
2025-09-25 15:46:10 🚀 启动 Hugo 服务器...
2025-09-25 15:46:10 ✅ Hugo 服务器已启动 (PID: 45245)
2025-09-25 15:46:10 🌐 本地访问: http://localhost:1313
2025-09-25 15:46:10 🌐 局域网访问: http://198.18.0.1:1313
2025-09-25 15:54:08 ⏹️  Hugo 服务器已停止
2025-09-25 15:54:08 🗑️  移除定时任务...
2025-09-25 15:54:08 ✅ 定时任务已移除
